2026-04-20 08:49:49 Loaded main app package /usr/lib/obsidian/obsidian.asar
2026-04-20 08:49:49 Checking for update using Github
2026-04-20 08:49:49 Success.
2026-04-20 08:49:49 Latest version is 1.12.7
2026-04-20 08:49:49 App is up to date.
2026-04-20 12:11:47 Loaded main app package /usr/lib/obsidian/obsidian.asar
2026-04-20 12:11:47 Checking for update using Github
2026-04-20 12:11:48 Success.
2026-04-20 12:11:48 Latest version is 1.12.7
2026-04-20 12:11:48 App is up to date.
2026-04-20 15:47:36 Loaded main app package /usr/lib/obsidian/obsidian.asar
2026-04-20 15:47:36 Checking for update using Github
2026-04-20 15:47:39 Success.
2026-04-20 15:47:39 Latest version is 1.12.7
2026-04-20 15:47:39 App is up to date.
2026-04-21 04:43:44 Loaded main app package /usr/lib/obsidian/obsidian.asar
2026-04-21 04:43:45 Checking for update using Github
2026-04-21 04:43:45 Failed to check for update using Github (net::ERR_NAME_NOT_RESOLVED)
2026-04-21 04:43:45 Checking for update using obsidian.md
2026-04-21 04:43:45 Failed to check for update using obsidian.md (net::ERR_NAME_NOT_RESOLVED)
2026-04-21 04:45:15 Loaded main app package /usr/lib/obsidian/obsidian.asar
2026-04-21 04:45:15 Checking for update using Github
2026-04-21 04:45:15 Failed to check for update using Github (net::ERR_NAME_NOT_RESOLVED)
2026-04-21 04:45:15 Checking for update using obsidian.md
2026-04-21 04:45:15 Failed to check for update using obsidian.md (net::ERR_NAME_NOT_RESOLVED)
2026-04-21 04:47:48 Loaded main app package /usr/lib/obsidian/obsidian.asar
2026-04-21 04:47:48 Checking for update using Github
2026-04-21 04:52:18 Loaded main app package /usr/lib/obsidian/obsidian.asar
2026-04-21 04:52:18 Checking for update using Github
2026-04-21 04:52:18 Loaded main app package /usr/lib/obsidian/obsidian.asar
2026-04-21 04:52:18 Failed to check for update using Github (net::ERR_NAME_NOT_RESOLVED)
2026-04-21 04:52:18 Checking for update using obsidian.md
2026-04-21 04:52:18 Failed to check for update using obsidian.md (net::ERR_NAME_NOT_RESOLVED)
2026-04-21 05:00:34 Loaded main app package /usr/lib/obsidian/obsidian.asar
2026-04-21 05:00:34 Checking for update using Github
2026-04-21 12:00:19 Loaded main app package /usr/lib/obsidian/obsidian.asar
2026-04-21 12:00:19 Checking for update using Github
2026-04-21 12:00:19 Success.
2026-04-21 12:00:19 Latest version is 1.12.7
2026-04-21 12:00:19 App is up to date.
2026-04-21 13:00:19 Checking for update using Github
2026-04-21 13:00:19 Success.
2026-04-21 13:00:19 Latest version is 1.12.7
2026-04-21 13:00:19 App is up to date.
2026-04-21 14:00:19 Checking for update using Github
2026-04-21 14:00:19 Success.
2026-04-21 14:00:19 Latest version is 1.12.7
2026-04-21 14:00:19 App is up to date.
2026-04-21 15:00:19 Checking for update using Github
2026-04-21 15:00:19 Success.
2026-04-21 15:00:19 Latest version is 1.12.7
2026-04-21 15:00:19 App is up to date.
2026-04-21 19:56:43 Loaded main app package /usr/lib/obsidian/obsidian.asar
2026-04-21 19:56:44 Checking for update using Github
2026-04-21 19:56:44 Success.
2026-04-21 19:56:44 Latest version is 1.12.7
2026-04-21 19:56:44 App is up to date.
2026-04-22 03:36:41 Loaded main app package /usr/lib/obsidian/obsidian.asar
2026-04-22 03:36:42 Checking for update using Github
2026-04-22 03:36:52 Failed to check for update using Github (net::ERR_NAME_NOT_RESOLVED)
2026-04-22 03:36:52 Checking for update using obsidian.md
2026-04-22 03:36:57 Failed to check for update using obsidian.md (net::ERR_NAME_NOT_RESOLVED)
2026-04-22 05:29:46 Loaded main app package /usr/lib/obsidian/obsidian.asar
2026-04-22 05:29:46 Checking for update using Github
2026-04-22 05:30:06 Failed to check for update using Github (net::ERR_NAME_NOT_RESOLVED)
2026-04-22 05:30:06 Checking for update using obsidian.md
2026-04-22 05:31:02 Failed to check for update using obsidian.md (net::ERR_NETWORK_CHANGED)
2026-04-22 06:12:24 Loaded main app package /usr/lib/obsidian/obsidian.asar
2026-04-22 06:12:25 Checking for update using Github
2026-04-22 06:12:27 Success.
2026-04-22 06:12:27 Latest version is 1.12.7
2026-04-22 06:12:27 App is up to date.
2026-04-22 07:53:39 Loaded main app package /usr/lib/obsidian/obsidian.asar
2026-04-22 07:53:40 Checking for update using Github
2026-04-22 07:53:40 Success.
2026-04-22 07:53:40 Latest version is 1.12.7
2026-04-22 07:53:40 App is up to date.
2026-04-22 13:03:33 Loaded main app package /usr/lib/obsidian/obsidian.asar
2026-04-22 13:03:34 Checking for update using Github
2026-04-22 13:03:34 Success.
2026-04-22 13:03:34 Latest version is 1.12.7
2026-04-22 13:03:34 App is up to date.
2026-04-22 13:28:05 Loaded main app package /usr/lib/obsidian/obsidian.asar
2026-04-22 13:28:05 Checking for update using Github
2026-04-22 13:28:05 Success.
2026-04-22 13:28:05 Latest version is 1.12.7
2026-04-22 13:28:05 App is up to date.
2026-04-22 14:00:28 Loaded main app package /usr/lib/obsidian/obsidian.asar
2026-04-22 14:00:28 Checking for update using Github
2026-04-22 14:00:29 Success.
2026-04-22 14:00:29 Latest version is 1.12.7
2026-04-22 14:00:29 App is up to date.
2026-04-22 19:11:53 Loaded main app package /usr/lib/obsidian/obsidian.asar
2026-04-22 19:11:53 Checking for update using Github
2026-04-22 19:11:54 Success.
2026-04-22 19:11:54 Latest version is 1.12.7
2026-04-22 19:11:54 App is up to date.
2026-04-23 12:17:57 Loaded main app package /usr/lib/obsidian/obsidian.asar
2026-04-23 12:17:57 Checking for update using Github
2026-04-23 12:17:57 Success.
2026-04-23 12:17:57 Latest version is 1.12.7
2026-04-23 12:17:57 App is up to date.
2026-04-23 13:17:57 Checking for update using Github
2026-04-23 13:17:57 Success.
2026-04-23 13:17:57 Latest version is 1.12.7
2026-04-23 13:17:57 App is up to date.
2026-04-23 13:37:02 Loaded main app package /usr/lib/obsidian/obsidian.asar
2026-04-23 13:37:02 Checking for update using Github
2026-04-23 13:37:02 Success.
2026-04-23 13:37:02 Latest version is 1.12.7
2026-04-23 13:37:02 App is up to date.
2026-04-23 14:37:02 Checking for update using Github
2026-04-23 14:37:02 Success.
2026-04-23 14:37:02 Latest version is 1.12.7
2026-04-23 14:37:02 App is up to date.
2026-04-26 19:00:09 Loaded main app package /usr/lib/obsidian/obsidian.asar
2026-04-26 19:00:09 Checking for update using Github
2026-04-26 19:00:09 Success.
2026-04-26 19:00:09 Latest version is 1.12.7
2026-04-26 19:00:09 App is up to date.
2026-04-27 04:53:43 Loaded main app package /usr/lib/obsidian/obsidian.asar
2026-04-27 04:53:43 Checking for update using Github
2026-04-27 04:53:44 Success.
2026-04-27 04:53:44 Latest version is 1.12.7
2026-04-27 04:53:44 App is up to date.
2026-04-27 04:58:01 Loaded main app package /usr/lib/obsidian/obsidian.asar
2026-04-27 04:58:01 Checking for update using Github
2026-04-27 04:58:02 Success.
2026-04-27 04:58:02 Latest version is 1.12.7
2026-04-27 04:58:02 App is up to date.
2026-04-27 05:05:34 Loaded main app package /usr/lib/obsidian/obsidian.asar
2026-04-27 05:05:34 Checking for update using Github
2026-04-27 05:05:35 Success.
2026-04-27 05:05:35 Latest version is 1.12.7
2026-04-27 05:05:35 App is up to date.
2026-04-27 05:23:24 Loaded main app package /usr/lib/obsidian/obsidian.asar
2026-04-27 05:23:25 Checking for update using Github
2026-04-27 05:23:29 Success.
2026-04-27 05:23:29 Latest version is 1.12.7
2026-04-27 05:23:29 App is up to date.
2026-04-27 13:33:41 Loaded main app package /usr/lib/obsidian/obsidian.asar
2026-04-27 13:33:42 Checking for update using Github
2026-04-27 13:33:42 Success.
2026-04-27 13:33:42 Latest version is 1.12.7
2026-04-27 13:33:42 App is up to date.
2026-04-29 14:25:44 Loaded main app package /usr/lib/obsidian/obsidian.asar
2026-04-29 14:25:44 Checking for update using Github
2026-04-29 14:25:44 Success.
2026-04-29 14:25:44 Latest version is 1.12.7
2026-04-29 14:25:44 App is up to date.
2026-04-29 18:52:00 Loaded main app package /usr/lib/obsidian/obsidian.asar
2026-04-29 18:52:00 Checking for update using Github
2026-04-29 18:52:00 Success.
2026-04-29 18:52:00 Latest version is 1.12.7
2026-04-29 18:52:00 App is up to date.
2026-04-29 19:52:00 Checking for update using Github
2026-04-29 19:52:00 Success.
2026-04-29 19:52:00 Latest version is 1.12.7
2026-04-29 19:52:00 App is up to date.
2026-04-30 08:07:28 Loaded main app package /usr/lib/obsidian/obsidian.asar
2026-04-30 08:07:28 Checking for update using Github
2026-04-30 08:07:28 Success.
2026-04-30 08:07:28 Latest version is 1.12.7
2026-04-30 08:07:28 App is up to date.
2026-04-30 12:37:21 Loaded main app package /usr/lib/obsidian/obsidian.asar
2026-04-30 12:37:21 Checking for update using Github
2026-04-30 12:37:22 Success.
2026-04-30 12:37:22 Latest version is 1.12.7
2026-04-30 12:37:22 App is up to date.
2026-04-30 13:37:21 Checking for update using Github
2026-04-30 13:37:21 Success.
2026-04-30 13:37:21 Latest version is 1.12.7
2026-04-30 13:37:21 App is up to date.
2026-04-30 14:02:17 Loaded main app package /usr/lib/obsidian/obsidian.asar
2026-04-30 14:02:17 Checking for update using Github
2026-04-30 14:02:17 Success.
2026-04-30 14:02:17 Latest version is 1.12.7
2026-04-30 14:02:17 App is up to date.
2026-04-30 15:13:56 Loaded main app package /usr/lib/obsidian/obsidian.asar
2026-04-30 15:13:56 Checking for update using Github
2026-04-30 15:13:57 Success.
2026-04-30 15:13:57 Latest version is 1.12.7
2026-04-30 15:13:57 App is up to date.
2026-04-30 16:13:56 Checking for update using Github
2026-04-30 16:13:56 Success.
2026-04-30 16:13:56 Latest version is 1.12.7
2026-04-30 16:13:56 App is up to date.
2026-04-30 17:13:56 Checking for update using Github
2026-04-30 17:13:56 Success.
2026-04-30 17:13:56 Latest version is 1.12.7
2026-04-30 17:13:56 App is up to date.
2026-04-30 18:13:56 Checking for update using Github
2026-04-30 18:13:56 Success.
2026-04-30 18:13:56 Latest version is 1.12.7
2026-04-30 18:13:56 App is up to date.
2026-04-30 19:13:56 Checking for update using Github
2026-04-30 19:13:57 Success.
2026-04-30 19:13:57 Latest version is 1.12.7
2026-04-30 19:13:57 App is up to date.
2026-04-30 20:13:56 Checking for update using Github
2026-04-30 20:13:57 Success.
2026-04-30 20:13:57 Latest version is 1.12.7
2026-04-30 20:13:57 App is up to date.
2026-05-01 08:43:17 Loaded main app package /usr/lib/obsidian/obsidian.asar
2026-05-01 08:43:17 Checking for update using Github
2026-05-01 08:43:17 Success.
2026-05-01 08:43:17 Latest version is 1.12.7
2026-05-01 08:43:17 App is up to date.
2026-05-01 09:43:17 Checking for update using Github
2026-05-01 09:43:17 Success.
2026-05-01 09:43:17 Latest version is 1.12.7
2026-05-01 09:43:17 App is up to date.
2026-05-01 10:43:17 Checking for update using Github
2026-05-01 10:43:17 Success.
2026-05-01 10:43:17 Latest version is 1.12.7
2026-05-01 10:43:17 App is up to date.
2026-05-01 17:53:59 Loaded main app package /usr/lib/obsidian/obsidian.asar
2026-05-01 17:53:59 Checking for update using Github
2026-05-01 17:53:59 Success.
2026-05-01 17:53:59 Latest version is 1.12.7
2026-05-01 17:53:59 App is up to date.
2026-05-01 18:53:58 Checking for update using Github
2026-05-01 18:53:59 Success.
2026-05-01 18:53:59 Latest version is 1.12.7
2026-05-01 18:53:59 App is up to date.
2026-05-02 11:59:17 Loaded main app package /usr/lib/obsidian/obsidian.asar
2026-05-02 11:59:17 Checking for update using Github
2026-05-02 11:59:17 Success.
2026-05-02 11:59:17 Latest version is 1.12.7
2026-05-02 11:59:17 App is up to date.
2026-05-02 14:15:00 Loaded main app package /usr/lib/obsidian/obsidian.asar
2026-05-02 14:15:00 Checking for update using Github
2026-05-02 14:15:01 Success.
2026-05-02 14:15:01 Latest version is 1.12.7
2026-05-02 14:15:01 App is up to date.
2026-05-02 14:15:13 Loaded main app package /usr/lib/obsidian/obsidian.asar
2026-05-02 14:15:13 Checking for update using Github
2026-05-02 14:15:13 Success.
2026-05-02 14:15:13 Latest version is 1.12.7
2026-05-02 14:15:13 App is up to date.
2026-05-02 18:37:14 Loaded main app package /usr/lib/obsidian/obsidian.asar
2026-05-02 18:37:15 Checking for update using Github
2026-05-02 18:37:15 Success.
2026-05-02 18:37:15 Latest version is 1.12.7
2026-05-02 18:37:15 App is up to date.
2026-05-02 18:37:42 Loaded main app package /usr/lib/obsidian/obsidian.asar
2026-05-02 18:37:42 Checking for update using Github
2026-05-02 18:37:43 Success.
2026-05-02 18:37:43 Latest version is 1.12.7
2026-05-02 18:37:43 App is up to date.
2026-05-03 07:03:42 Loaded main app package /usr/lib/obsidian/obsidian.asar
2026-05-03 07:03:43 Checking for update using Github
2026-05-03 07:03:44 Success.
2026-05-03 07:03:44 Latest version is 1.12.7
2026-05-03 07:03:44 App is up to date.
